0 info it worked if it ends with ok
1 verbose cli [ '/home/mh/.meteor/packages/meteor-tool/.1.4.2_3.17tso1e++os.linux.x86_64+web.browser+web.cordova/mt-os.linux.x86_64/dev_bundle/bin/node',
1 verbose cli   '/home/mh/.meteor/packages/meteor-tool/.1.4.2_3.17tso1e++os.linux.x86_64+web.browser+web.cordova/mt-os.linux.x86_64/dev_bundle/bin/npm',
1 verbose cli   'install',
1 verbose cli   '--save-dev',
1 verbose cli   'angular-cli@webpack' ]
2 info using npm@3.10.9
3 info using node@v4.6.2
4 silly loadCurrentTree Starting
5 silly install loadCurrentTree
6 silly install readLocalPackageData
7 silly fetchPackageMetaData angular-cli@webpack
8 silly fetchNamedPackageData angular-cli
9 silly mapToRegistry name angular-cli
10 silly mapToRegistry using default registry
11 silly mapToRegistry registry https://registry.npmjs.org/
12 silly mapToRegistry data Result {
12 silly mapToRegistry   raw: 'angular-cli',
12 silly mapToRegistry   scope: null,
12 silly mapToRegistry   escapedName: 'angular-cli',
12 silly mapToRegistry   name: 'angular-cli',
12 silly mapToRegistry   rawSpec: '',
12 silly mapToRegistry   spec: 'latest',
12 silly mapToRegistry   type: 'tag' }
13 silly mapToRegistry uri https://registry.npmjs.org/angular-cli
14 verbose request uri https://registry.npmjs.org/angular-cli
15 verbose request no auth needed
16 info attempt registry request try #1 at 7:46:00 AM
17 verbose request id db7fafa8f263a96f
18 http request GET https://registry.npmjs.org/angular-cli
19 http 200 https://registry.npmjs.org/angular-cli
20 verbose headers { server: 'nginx/1.10.1',
20 verbose headers   'content-type': 'application/json',
20 verbose headers   'last-modified': 'Tue, 21 Feb 2017 16:23:38 GMT',
20 verbose headers   etag: 'W/"58ac698a-3fdde"',
20 verbose headers   'content-encoding': 'gzip',
20 verbose headers   'cache-control': 'max-age=300',
20 verbose headers   'content-length': '21545',
20 verbose headers   'accept-ranges': 'bytes',
20 verbose headers   date: 'Tue, 14 Mar 2017 05:46:01 GMT',
20 verbose headers   via: '1.1 varnish',
20 verbose headers   age: '180',
20 verbose headers   connection: 'keep-alive',
20 verbose headers   'x-served-by': 'cache-hhn1523-HHN',
20 verbose headers   'x-cache': 'HIT',
20 verbose headers   'x-cache-hits': '1',
20 verbose headers   'x-timer': 'S1489470361.950837,VS0,VE0',
20 verbose headers   vary: 'Accept-Encoding' }
21 silly get cb [ 200,
21 silly get   { server: 'nginx/1.10.1',
21 silly get     'content-type': 'application/json',
21 silly get     'last-modified': 'Tue, 21 Feb 2017 16:23:38 GMT',
21 silly get     etag: 'W/"58ac698a-3fdde"',
21 silly get     'content-encoding': 'gzip',
21 silly get     'cache-control': 'max-age=300',
21 silly get     'content-length': '21545',
21 silly get     'accept-ranges': 'bytes',
21 silly get     date: 'Tue, 14 Mar 2017 05:46:01 GMT',
21 silly get     via: '1.1 varnish',
21 silly get     age: '180',
21 silly get     connection: 'keep-alive',
21 silly get     'x-served-by': 'cache-hhn1523-HHN',
21 silly get     'x-cache': 'HIT',
21 silly get     'x-cache-hits': '1',
21 silly get     'x-timer': 'S1489470361.950837,VS0,VE0',
21 silly get     vary: 'Accept-Encoding' } ]
22 verbose get saving angular-cli to /home/mh/.meteor/packages/meteor-tool/.1.4.2_3.17tso1e++os.linux.x86_64+web.browser+web.cordova/mt-os.linux.x86_64/dev_bundle/.npm/registry.npmjs.org/angular-cli/.cache.json
23 verbose correctMkdir /home/mh/.meteor/packages/meteor-tool/.1.4.2_3.17tso1e++os.linux.x86_64+web.browser+web.cordova/mt-os.linux.x86_64/dev_bundle/.npm correctMkdir not in flight; initializing
24 silly fetchPackageMetaData Error: No compatible version found: angular-cli@webpack
24 silly fetchPackageMetaData Valid install targets:
24 silly fetchPackageMetaData 1.0.0-beta.22-1, 1.0.0-beta.20-4, 1.0.0-beta.20-3, 1.0.0-beta.20-2, 1.0.0-beta.20-1, 1.0.0-beta.2-mobile.4, 1.0.0-beta.2-mobile.3, 1.0.0-beta.2-mobile.2, 1.0.0-beta.2-mobile.1, 1.0.0-beta.2-mobile, 1.0.0-beta.19-3, 1.0.0-beta.12-1, 1.0.0-beta.11-webpack.9-4, 1.0.0-beta.11-webpack.9-3, 1.0.0-beta.11-webpack.9-2, 1.0.0-beta.11-webpack.9-1, 1.0.0-beta.11-webpack.9, 1.0.0-beta.11-webpack.8, 1.0.0-beta.11-webpack.7, 1.0.0-beta.11-webpack.6, 1.0.0-beta.11-webpack.5, 1.0.0-beta.11-webpack.4, 1.0.0-beta.11-webpack.3, 1.0.0-beta.11-webpack.2, 1.0.0-beta.11-webpack, 1.0.0-beta.28.3, 1.0.0-beta.28.2, 1.0.0-beta.28, 1.0.0-beta.27, 1.0.0-beta.26, 1.0.0-beta.25.5, 1.0.0-beta.25.4, 1.0.0-beta.25.3, 1.0.0-beta.25.2, 1.0.0-beta.25, 1.0.0-beta.24, 1.0.0-beta.22, 1.0.0-beta.21, 1.0.0-beta.18, 1.0.0-beta.17, 1.0.0-beta.16, 1.0.0-beta.15, 1.0.0-beta.14, 1.0.0-beta.12, 1.0.0-beta.10, 1.0.0-beta.9, 1.0.0-beta.8, 1.0.0-beta.6, 1.0.0-beta.5, 1.0.0-beta.4, 1.0.0-beta.1, 1.0.0-beta.0, 0.1.0, 0.0.39, 0.0.37, 0.0.34, 0.0.33, 0.0.31, 0.0.30, 0.0.29, 0.0.28, 0.0.27, 0.0.26, 0.0.25, 0.0.24, 0.0.23, 0.0.22, 0.0.20, 0.0.19, 0.0.18, 0.0.17, 0.0.16, 0.0.15, 0.0.14, 0.0.13, 0.0.12, 0.0.11, 0.0.10, 0.0.9, 0.0.8, 0.0.7, 0.0.6, 0.0.5, 0.0.4, 0.0.3, 0.0.2, 0.0.1, 0.0.0
24 silly fetchPackageMetaData
24 silly fetchPackageMetaData     at pickVersionFromRegistryDocument (/home/mh/.meteor/packages/meteor-tool/.1.4.2_3.17tso1e++os.linux.x86_64+web.browser+web.cordova/mt-os.linux.x86_64/dev_bundle/lib/node_modules/npm/lib/fetch-package-metadata.js:178:16)
24 silly fetchPackageMetaData     at /home/mh/.meteor/packages/meteor-tool/.1.4.2_3.17tso1e++os.linux.x86_64+web.browser+web.cordova/mt-os.linux.x86_64/dev_bundle/lib/node_modules/npm/node_modules/iferr/index.js:13:50
24 silly fetchPackageMetaData     at /home/mh/.meteor/packages/meteor-tool/.1.4.2_3.17tso1e++os.linux.x86_64+web.browser+web.cordova/mt-os.linux.x86_64/dev_bundle/lib/node_modules/npm/lib/utils/pulse-till-done.js:20:8
24 silly fetchPackageMetaData     at saved (/home/mh/.meteor/packages/meteor-tool/.1.4.2_3.17tso1e++os.linux.x86_64+web.browser+web.cordova/mt-os.linux.x86_64/dev_bundle/lib/node_modules/npm/lib/cache/caching-client.js:174:7)
24 silly fetchPackageMetaData     at /home/mh/.meteor/packages/meteor-tool/.1.4.2_3.17tso1e++os.linux.x86_64+web.browser+web.cordova/mt-os.linux.x86_64/dev_bundle/lib/node_modules/npm/node_modules/graceful-fs/polyfills.js:241:18
24 silly fetchPackageMetaData     at FSReqWrap.oncomplete (fs.js:82:15)
24 silly fetchPackageMetaData  error for angular-cli@webpack { [Error: No compatible version found: angular-cli@webpack
24 silly fetchPackageMetaData Valid install targets:
24 silly fetchPackageMetaData 1.0.0-beta.22-1, 1.0.0-beta.20-4, 1.0.0-beta.20-3, 1.0.0-beta.20-2, 1.0.0-beta.20-1, 1.0.0-beta.2-mobile.4, 1.0.0-beta.2-mobile.3, 1.0.0-beta.2-mobile.2, 1.0.0-beta.2-mobile.1, 1.0.0-beta.2-mobile, 1.0.0-beta.19-3, 1.0.0-beta.12-1, 1.0.0-beta.11-webpack.9-4, 1.0.0-beta.11-webpack.9-3, 1.0.0-beta.11-webpack.9-2, 1.0.0-beta.11-webpack.9-1, 1.0.0-beta.11-webpack.9, 1.0.0-beta.11-webpack.8, 1.0.0-beta.11-webpack.7, 1.0.0-beta.11-webpack.6, 1.0.0-beta.11-webpack.5, 1.0.0-beta.11-webpack.4, 1.0.0-beta.11-webpack.3, 1.0.0-beta.11-webpack.2, 1.0.0-beta.11-webpack, 1.0.0-beta.28.3, 1.0.0-beta.28.2, 1.0.0-beta.28, 1.0.0-beta.27, 1.0.0-beta.26, 1.0.0-beta.25.5, 1.0.0-beta.25.4, 1.0.0-beta.25.3, 1.0.0-beta.25.2, 1.0.0-beta.25, 1.0.0-beta.24, 1.0.0-beta.22, 1.0.0-beta.21, 1.0.0-beta.18, 1.0.0-beta.17, 1.0.0-beta.16, 1.0.0-beta.15, 1.0.0-beta.14, 1.0.0-beta.12, 1.0.0-beta.10, 1.0.0-beta.9, 1.0.0-beta.8, 1.0.0-beta.6, 1.0.0-beta.5, 1.0.0-beta.4, 1.0.0-beta.1, 1.0.0-beta.0, 0.1.0, 0.0.39, 0.0.37, 0.0.34, 0.0.33, 0.0.31, 0.0.30, 0.0.29, 0.0.28, 0.0.27, 0.0.26, 0.0.25, 0.0.24, 0.0.23, 0.0.22, 0.0.20, 0.0.19, 0.0.18, 0.0.17, 0.0.16, 0.0.15, 0.0.14, 0.0.13, 0.0.12, 0.0.11, 0.0.10, 0.0.9, 0.0.8, 0.0.7, 0.0.6, 0.0.5, 0.0.4, 0.0.3, 0.0.2, 0.0.1, 0.0.0
24 silly fetchPackageMetaData ] code: 'ETARGET' }
25 silly rollbackFailedOptional Starting
26 silly rollbackFailedOptional Finishing
27 silly runTopLevelLifecycles Finishing
28 silly install printInstalled
29 verbose stack Error: No compatible version found: angular-cli@webpack
29 verbose stack Valid install targets:
29 verbose stack 1.0.0-beta.22-1, 1.0.0-beta.20-4, 1.0.0-beta.20-3, 1.0.0-beta.20-2, 1.0.0-beta.20-1, 1.0.0-beta.2-mobile.4, 1.0.0-beta.2-mobile.3, 1.0.0-beta.2-mobile.2, 1.0.0-beta.2-mobile.1, 1.0.0-beta.2-mobile, 1.0.0-beta.19-3, 1.0.0-beta.12-1, 1.0.0-beta.11-webpack.9-4, 1.0.0-beta.11-webpack.9-3, 1.0.0-beta.11-webpack.9-2, 1.0.0-beta.11-webpack.9-1, 1.0.0-beta.11-webpack.9, 1.0.0-beta.11-webpack.8, 1.0.0-beta.11-webpack.7, 1.0.0-beta.11-webpack.6, 1.0.0-beta.11-webpack.5, 1.0.0-beta.11-webpack.4, 1.0.0-beta.11-webpack.3, 1.0.0-beta.11-webpack.2, 1.0.0-beta.11-webpack, 1.0.0-beta.28.3, 1.0.0-beta.28.2, 1.0.0-beta.28, 1.0.0-beta.27, 1.0.0-beta.26, 1.0.0-beta.25.5, 1.0.0-beta.25.4, 1.0.0-beta.25.3, 1.0.0-beta.25.2, 1.0.0-beta.25, 1.0.0-beta.24, 1.0.0-beta.22, 1.0.0-beta.21, 1.0.0-beta.18, 1.0.0-beta.17, 1.0.0-beta.16, 1.0.0-beta.15, 1.0.0-beta.14, 1.0.0-beta.12, 1.0.0-beta.10, 1.0.0-beta.9, 1.0.0-beta.8, 1.0.0-beta.6, 1.0.0-beta.5, 1.0.0-beta.4, 1.0.0-beta.1, 1.0.0-beta.0, 0.1.0, 0.0.39, 0.0.37, 0.0.34, 0.0.33, 0.0.31, 0.0.30, 0.0.29, 0.0.28, 0.0.27, 0.0.26, 0.0.25, 0.0.24, 0.0.23, 0.0.22, 0.0.20, 0.0.19, 0.0.18, 0.0.17, 0.0.16, 0.0.15, 0.0.14, 0.0.13, 0.0.12, 0.0.11, 0.0.10, 0.0.9, 0.0.8, 0.0.7, 0.0.6, 0.0.5, 0.0.4, 0.0.3, 0.0.2, 0.0.1, 0.0.0
29 verbose stack
29 verbose stack     at pickVersionFromRegistryDocument (/home/mh/.meteor/packages/meteor-tool/.1.4.2_3.17tso1e++os.linux.x86_64+web.browser+web.cordova/mt-os.linux.x86_64/dev_bundle/lib/node_modules/npm/lib/fetch-package-metadata.js:178:16)
29 verbose stack     at /home/mh/.meteor/packages/meteor-tool/.1.4.2_3.17tso1e++os.linux.x86_64+web.browser+web.cordova/mt-os.linux.x86_64/dev_bundle/lib/node_modules/npm/node_modules/iferr/index.js:13:50
29 verbose stack     at /home/mh/.meteor/packages/meteor-tool/.1.4.2_3.17tso1e++os.linux.x86_64+web.browser+web.cordova/mt-os.linux.x86_64/dev_bundle/lib/node_modules/npm/lib/utils/pulse-till-done.js:20:8
29 verbose stack     at saved (/home/mh/.meteor/packages/meteor-tool/.1.4.2_3.17tso1e++os.linux.x86_64+web.browser+web.cordova/mt-os.linux.x86_64/dev_bundle/lib/node_modules/npm/lib/cache/caching-client.js:174:7)
29 verbose stack     at /home/mh/.meteor/packages/meteor-tool/.1.4.2_3.17tso1e++os.linux.x86_64+web.browser+web.cordova/mt-os.linux.x86_64/dev_bundle/lib/node_modules/npm/node_modules/graceful-fs/polyfills.js:241:18
29 verbose stack     at FSReqWrap.oncomplete (fs.js:82:15)
30 verbose cwd /home/mh/ws/betaqtutor
31 error Linux 4.4.0-66-generic
32 error argv "/home/mh/.meteor/packages/meteor-tool/.1.4.2_3.17tso1e++os.linux.x86_64+web.browser+web.cordova/mt-os.linux.x86_64/dev_bundle/bin/node" "/home/mh/.meteor/packages/meteor-tool/.1.4.2_3.17tso1e++os.linux.x86_64+web.browser+web.cordova/mt-os.linux.x86_64/dev_bundle/bin/npm" "install" "--save-dev" "angular-cli@webpack"
33 error node v4.6.2
34 error npm  v3.10.9
35 error code ETARGET
36 error notarget No compatible version found: angular-cli@webpack
36 error notarget Valid install targets:
36 error notarget 1.0.0-beta.22-1, 1.0.0-beta.20-4, 1.0.0-beta.20-3, 1.0.0-beta.20-2, 1.0.0-beta.20-1, 1.0.0-beta.2-mobile.4, 1.0.0-beta.2-mobile.3, 1.0.0-beta.2-mobile.2, 1.0.0-beta.2-mobile.1, 1.0.0-beta.2-mobile, 1.0.0-beta.19-3, 1.0.0-beta.12-1, 1.0.0-beta.11-webpack.9-4, 1.0.0-beta.11-webpack.9-3, 1.0.0-beta.11-webpack.9-2, 1.0.0-beta.11-webpack.9-1, 1.0.0-beta.11-webpack.9, 1.0.0-beta.11-webpack.8, 1.0.0-beta.11-webpack.7, 1.0.0-beta.11-webpack.6, 1.0.0-beta.11-webpack.5, 1.0.0-beta.11-webpack.4, 1.0.0-beta.11-webpack.3, 1.0.0-beta.11-webpack.2, 1.0.0-beta.11-webpack, 1.0.0-beta.28.3, 1.0.0-beta.28.2, 1.0.0-beta.28, 1.0.0-beta.27, 1.0.0-beta.26, 1.0.0-beta.25.5, 1.0.0-beta.25.4, 1.0.0-beta.25.3, 1.0.0-beta.25.2, 1.0.0-beta.25, 1.0.0-beta.24, 1.0.0-beta.22, 1.0.0-beta.21, 1.0.0-beta.18, 1.0.0-beta.17, 1.0.0-beta.16, 1.0.0-beta.15, 1.0.0-beta.14, 1.0.0-beta.12, 1.0.0-beta.10, 1.0.0-beta.9, 1.0.0-beta.8, 1.0.0-beta.6, 1.0.0-beta.5, 1.0.0-beta.4, 1.0.0-beta.1, 1.0.0-beta.0, 0.1.0, 0.0.39, 0.0.37, 0.0.34, 0.0.33, 0.0.31, 0.0.30, 0.0.29, 0.0.28, 0.0.27, 0.0.26, 0.0.25, 0.0.24, 0.0.23, 0.0.22, 0.0.20, 0.0.19, 0.0.18, 0.0.17, 0.0.16, 0.0.15, 0.0.14, 0.0.13, 0.0.12, 0.0.11, 0.0.10, 0.0.9, 0.0.8, 0.0.7, 0.0.6, 0.0.5, 0.0.4, 0.0.3, 0.0.2, 0.0.1, 0.0.0
37 error notarget This is most likely not a problem with npm itself.
37 error notarget In most cases you or one of your dependencies are requesting
37 error notarget a package version that doesn't exist.
38 verbose exit [ 1, true ]
